app/build/intermediates/manifest_merge_blame_file/debug/processDebugMainManifest/manifest-merger-blame-debug-report.txt
1<?xml version="1.0" encoding="utf-8"?>
2<manifest xmlns:android="http://schemas.android.com/apk/res/android"
3    package="com.sahih"
4    android:versionCode="1"
5    android:versionName="1.0" >
6
7    <uses-sdk
8        android:minSdkVersion="24"
9        android:targetSdkVersion="34" />
10
11    <uses-permission android:name="android.permission.READ_PHONE_STATE" />
11-->src\main\AndroidManifest.xml:4:5-75
11-->src\main\AndroidManifest.xml:4:22-72
12    <uses-permission android:name="android.permission.READ_CALL_LOG" />
12-->src\main\AndroidManifest.xml:5:5-72
12-->src\main\AndroidManifest.xml:5:22-69
13    <uses-permission android:name="android.permission.INTERNET" />
13-->src\main\AndroidManifest.xml:6:5-67
13-->src\main\AndroidManifest.xml:6:22-64
14
15    <permission
15-->[androidx.core:core:1.12.0] AndroidManifest.xml:22:5-24:47
16        android:name="com.sahih.DYNAMIC_RECEIVER_NOT_EXPORTED_PERMISSION"
16-->[androidx.core:core:1.12.0] AndroidManifest.xml:23:9-81
17        android:protectionLevel="signature" />
17-->[androidx.core:core:1.12.0] AndroidManifest.xml:24:9-44
18
19    <uses-permission android:name="com.sahih.DYNAMIC_RECEIVER_NOT_EXPORTED_PERMISSION" />
19-->[androidx.core:core:1.12.0] AndroidManifest.xml:26:5-97
19-->[androidx.core:core:1.12.0] AndroidManifest.xml:26:22-94
20
21    <application
21-->src\main\AndroidManifest.xml:8:5-93:19
22        android:allowBackup="true"
22-->src\main\AndroidManifest.xml:9:9-35
23        android:appComponentFactory="androidx.core.app.CoreComponentFactory"
23-->[androidx.core:core:1.12.0] AndroidManifest.xml:28:18-86
24        android:debuggable="true"
25        android:extractNativeLibs="false"
26        android:icon="@mipmap/ic_launcher"
26-->src\main\AndroidManifest.xml:11:9-43
27        android:label="Sahih"
27-->src\main\AndroidManifest.xml:10:9-30
28        android:testOnly="true"
29        android:theme="@android:style/Theme.Material.NoActionBar" >
29-->src\main\AndroidManifest.xml:12:9-66
30        <activity
30-->src\main\AndroidManifest.xml:14:9-22:20
31            android:name="com.sahih.MainActivity"
31-->src\main\AndroidManifest.xml:15:13-41
32            android:exported="true"
32-->src\main\AndroidManifest.xml:16:13-36
33            android:launchMode="singleTask" >
33-->src\main\AndroidManifest.xml:17:13-44
34            <intent-filter>
34-->src\main\AndroidManifest.xml:18:13-21:29
35                <action android:name="android.intent.action.MAIN" />
35-->src\main\AndroidManifest.xml:19:17-69
35-->src\main\AndroidManifest.xml:19:25-66
36
37                <category android:name="android.intent.category.LAUNCHER" />
37-->src\main\AndroidManifest.xml:20:17-77
37-->src\main\AndroidManifest.xml:20:27-74
38            </intent-filter>
39        </activity>
40        <!--
41 "PayGuard" - a second, separately-labeled entry point into the
42             same pre-checkout guard. Unlike "Cekdulu" (text), PayGuard
43             always routes to Checkout regardless of content, for both text
44             and image shares - e.g. a payment app or user explicitly wants
45             the payment-validity check rather than the general verifier.
46        -->
47        <activity-alias
47-->src\main\AndroidManifest.xml:64:9-80:26
48            android:name="com.sahih.PayGuardShareTarget"
48-->src\main\AndroidManifest.xml:65:13-48
49            android:exported="true"
49-->src\main\AndroidManifest.xml:69:13-36
50            android:icon="@mipmap/ic_launcher"
50-->src\main\AndroidManifest.xml:68:13-47
51            android:label="PayGuard"
51-->src\main\AndroidManifest.xml:67:13-37
52            android:targetActivity="com.sahih.MainActivity" >
52-->src\main\AndroidManifest.xml:66:13-51
53            <intent-filter>
53-->src\main\AndroidManifest.xml:35:13-39:29
54                <action android:name="android.intent.action.SEND" />
54-->src\main\AndroidManifest.xml:36:17-69
54-->src\main\AndroidManifest.xml:36:25-66
55
56                <category android:name="android.intent.category.DEFAULT" />
56-->src\main\AndroidManifest.xml:37:17-76
56-->src\main\AndroidManifest.xml:37:27-73
57
58                <data android:mimeType="text/plain" />
58-->src\main\AndroidManifest.xml:38:17-55
58-->src\main\AndroidManifest.xml:38:23-52
59            </intent-filter>
60            <intent-filter>
60-->src\main\AndroidManifest.xml:52:13-56:29
61                <action android:name="android.intent.action.SEND" />
61-->src\main\AndroidManifest.xml:36:17-69
61-->src\main\AndroidManifest.xml:36:25-66
62
63                <category android:name="android.intent.category.DEFAULT" />
63-->src\main\AndroidManifest.xml:37:17-76
63-->src\main\AndroidManifest.xml:37:27-73
64
65                <data android:mimeType="image/*" />
65-->src\main\AndroidManifest.xml:38:17-55
65-->src\main\AndroidManifest.xml:38:23-52
66            </intent-filter>
67        </activity-alias>
68        <!--
69 "Cekdulu Checkout" - appears in the share sheet when sharing an
70             image, e.g. a payment receipt, DuitNow QR, or transfer
71             confirmation screenshot from a banking/e-wallet app. Routes
72             straight to the Checkout (pre-checkout guard) screen.
73        -->
74        <activity-alias
74-->src\main\AndroidManifest.xml:46:9-57:26
75            android:name="com.sahih.CekduluCheckoutShareTarget"
75-->src\main\AndroidManifest.xml:47:13-55
76            android:exported="true"
76-->src\main\AndroidManifest.xml:51:13-36
77            android:icon="@mipmap/ic_launcher"
77-->src\main\AndroidManifest.xml:50:13-47
78            android:label="Cekdulu Checkout"
78-->src\main\AndroidManifest.xml:49:13-45
79            android:targetActivity="com.sahih.MainActivity" >
79-->src\main\AndroidManifest.xml:48:13-51
80            <intent-filter>
80-->src\main\AndroidManifest.xml:52:13-56:29
81                <action android:name="android.intent.action.SEND" />
81-->src\main\AndroidManifest.xml:36:17-69
81-->src\main\AndroidManifest.xml:36:25-66
82
83                <category android:name="android.intent.category.DEFAULT" />
83-->src\main\AndroidManifest.xml:37:17-76
83-->src\main\AndroidManifest.xml:37:27-73
84
85                <data android:mimeType="image/*" />
85-->src\main\AndroidManifest.xml:38:17-55
85-->src\main\AndroidManifest.xml:38:23-52
86            </intent-filter>
87        </activity-alias>
88        <!--
89 "Cekdulu" - appears in the native Android share sheet from
90             WhatsApp, Instagram, TikTok, Telegram, etc. when sharing text -
91             a link, a seller's number, a message. Forwards into MainActivity,
92             which routes it to Verify (or Checkout if it looks like a
93             payment, via routeForSharedText()).
94        -->
95        <activity-alias
95-->src\main\AndroidManifest.xml:29:9-40:26
96            android:name="com.sahih.CekduluShareTarget"
96-->src\main\AndroidManifest.xml:30:13-47
97            android:exported="true"
97-->src\main\AndroidManifest.xml:34:13-36
98            android:icon="@mipmap/ic_launcher"
98-->src\main\AndroidManifest.xml:33:13-47
99            android:label="Cekdulu"
99-->src\main\AndroidManifest.xml:32:13-36
100            android:targetActivity="com.sahih.MainActivity" >
100-->src\main\AndroidManifest.xml:31:13-51
101            <intent-filter>
101-->src\main\AndroidManifest.xml:35:13-39:29
102                <action android:name="android.intent.action.SEND" />
102-->src\main\AndroidManifest.xml:36:17-69
102-->src\main\AndroidManifest.xml:36:25-66
103
104                <category android:name="android.intent.category.DEFAULT" />
104-->src\main\AndroidManifest.xml:37:17-76
104-->src\main\AndroidManifest.xml:37:27-73
105
106                <data android:mimeType="text/plain" />
106-->src\main\AndroidManifest.xml:38:17-55
106-->src\main\AndroidManifest.xml:38:23-52
107            </intent-filter>
108        </activity-alias>
109
110        <!--
111             Background call-screening service. Requires the user to set Sahih
112             as their call screening app in system settings (Android 10+).
113        -->
114        <service
114-->src\main\AndroidManifest.xml:84:9-91:19
115            android:name="com.sahih.callshield.SahihCallScreeningService"
115-->src\main\AndroidManifest.xml:85:13-65
116            android:exported="true"
116-->src\main\AndroidManifest.xml:87:13-36
117            android:permission="android.permission.BIND_SCREENING_SERVICE" >
117-->src\main\AndroidManifest.xml:86:13-75
118            <intent-filter>
118-->src\main\AndroidManifest.xml:88:13-90:29
119                <action android:name="android.telecom.CallScreeningService" />
119-->src\main\AndroidManifest.xml:89:17-79
119-->src\main\AndroidManifest.xml:89:25-76
120            </intent-filter>
121        </service>
122
123        <activity
123-->[androidx.compose.ui:ui-tooling-android:1.6.1] AndroidManifest.xml:23:9-25:39
124            android:name="androidx.compose.ui.tooling.PreviewActivity"
124-->[androidx.compose.ui:ui-tooling-android:1.6.1] AndroidManifest.xml:24:13-71
125            android:exported="true" />
125-->[androidx.compose.ui:ui-tooling-android:1.6.1] AndroidManifest.xml:25:13-36
126
127        <provider
127-->[androidx.emoji2:emoji2:1.3.0] AndroidManifest.xml:24:9-32:20
128            android:name="androidx.startup.InitializationProvider"
128-->[androidx.emoji2:emoji2:1.3.0] AndroidManifest.xml:25:13-67
129            android:authorities="com.sahih.androidx-startup"
129-->[androidx.emoji2:emoji2:1.3.0] AndroidManifest.xml:26:13-68
130            android:exported="false" >
130-->[androidx.emoji2:emoji2:1.3.0] AndroidManifest.xml:27:13-37
131            <meta-data
131-->[androidx.emoji2:emoji2:1.3.0] AndroidManifest.xml:29:13-31:52
132                android:name="androidx.emoji2.text.EmojiCompatInitializer"
132-->[androidx.emoji2:emoji2:1.3.0] AndroidManifest.xml:30:17-75
133                android:value="androidx.startup" />
133-->[androidx.emoji2:emoji2:1.3.0] AndroidManifest.xml:31:17-49
134            <meta-data
134-->[androidx.lifecycle:lifecycle-process:2.8.6] AndroidManifest.xml:29:13-31:52
135                android:name="androidx.lifecycle.ProcessLifecycleInitializer"
135-->[androidx.lifecycle:lifecycle-process:2.8.6] AndroidManifest.xml:30:17-78
136                android:value="androidx.startup" />
136-->[androidx.lifecycle:lifecycle-process:2.8.6] AndroidManifest.xml:31:17-49
137            <meta-data
137-->[androidx.profileinstaller:profileinstaller:1.3.1] AndroidManifest.xml:29:13-31:52
138                android:name="androidx.profileinstaller.ProfileInstallerInitializer"
138-->[androidx.profileinstaller:profileinstaller:1.3.1] AndroidManifest.xml:30:17-85
139                android:value="androidx.startup" />
139-->[androidx.profileinstaller:profileinstaller:1.3.1] AndroidManifest.xml:31:17-49
140        </provider>
141
142        <receiver
142-->[androidx.profileinstaller:profileinstaller:1.3.1] AndroidManifest.xml:34:9-52:20
143            android:name="androidx.profileinstaller.ProfileInstallReceiver"
143-->[androidx.profileinstaller:profileinstaller:1.3.1] AndroidManifest.xml:35:13-76
144            android:directBootAware="false"
144-->[androidx.profileinstaller:profileinstaller:1.3.1] AndroidManifest.xml:36:13-44
145            android:enabled="true"
145-->[androidx.profileinstaller:profileinstaller:1.3.1] AndroidManifest.xml:37:13-35
146            android:exported="true"
146-->[androidx.profileinstaller:profileinstaller:1.3.1] AndroidManifest.xml:38:13-36
147            android:permission="android.permission.DUMP" >
147-->[androidx.profileinstaller:profileinstaller:1.3.1] AndroidManifest.xml:39:13-57
148            <intent-filter>
148-->[androidx.profileinstaller:profileinstaller:1.3.1] AndroidManifest.xml:40:13-42:29
149                <action android:name="androidx.profileinstaller.action.INSTALL_PROFILE" />
149-->[androidx.profileinstaller:profileinstaller:1.3.1] AndroidManifest.xml:41:17-91
149-->[androidx.profileinstaller:profileinstaller:1.3.1] AndroidManifest.xml:41:25-88
150            </intent-filter>
151            <intent-filter>
151-->[androidx.profileinstaller:profileinstaller:1.3.1] AndroidManifest.xml:43:13-45:29
152                <action android:name="androidx.profileinstaller.action.SKIP_FILE" />
152-->[androidx.profileinstaller:profileinstaller:1.3.1] AndroidManifest.xml:44:17-85
152-->[androidx.profileinstaller:profileinstaller:1.3.1] AndroidManifest.xml:44:25-82
153            </intent-filter>
154            <intent-filter>
154-->[androidx.profileinstaller:profileinstaller:1.3.1] AndroidManifest.xml:46:13-48:29
155                <action android:name="androidx.profileinstaller.action.SAVE_PROFILE" />
155-->[androidx.profileinstaller:profileinstaller:1.3.1] AndroidManifest.xml:47:17-88
155-->[androidx.profileinstaller:profileinstaller:1.3.1] AndroidManifest.xml:47:25-85
156            </intent-filter>
157            <intent-filter>
157-->[androidx.profileinstaller:profileinstaller:1.3.1] AndroidManifest.xml:49:13-51:29
158                <action android:name="androidx.profileinstaller.action.BENCHMARK_OPERATION" />
158-->[androidx.profileinstaller:profileinstaller:1.3.1] AndroidManifest.xml:50:17-95
158-->[androidx.profileinstaller:profileinstaller:1.3.1] AndroidManifest.xml:50:25-92
159            </intent-filter>
160        </receiver>
161    </application>
162
163</manifest>